<?xml version="1.0" encoding="UTF-8"?>
<!-- Generated by org.testng.reporters.JUnitReportReporter -->
<testsuite ignored="0" hostname="monicas-mbp.lan" failures="0" tests="1" name="Test.TestNGE" time="0.008" errors="0" timestamp="14 Nov 2020 14:35:42 GMT" skipped="0">
  <testcase classname="Test.TestNGE" name="f" time="0.008"/>
</testsuite> <!-- Test.TestNGE -->
